[2019-08-30 16:01:26,700] INFO Shutting down the log cleaner. (kafka.log.LogCleaner)
[2019-08-30 16:01:26,702] INFO [kafka-log-cleaner-thread-0]: Shutting down (kafka.log.LogCleaner)
[2019-08-30 16:01:26,702] INFO [kafka-log-cleaner-thread-0]: Stopped (kafka.log.LogCleaner)
[2019-08-30 16:01:26,702] INFO [kafka-log-cleaner-thread-0]: Shutdown completed (kafka.log.LogCleaner)
[2019-08-30 16:01:42,466] INFO Starting the log cleaner (kafka.log.LogCleaner)
[2019-08-30 16:01:42,843] INFO [kafka-log-cleaner-thread-0]: Starting (kafka.log.LogCleaner)
[2019-08-30 16:01:54,254] INFO Starting the log cleaner (kafka.log.LogCleaner)
[2019-08-30 16:01:54,518] INFO [kafka-log-cleaner-thread-0]: Starting (kafka.log.LogCleaner)
[2019-08-30 16:08:41,678] INFO Shutting down the log cleaner. (kafka.log.LogCleaner)
[2019-08-30 16:08:41,701] INFO [kafka-log-cleaner-thread-0]: Shutting down (kafka.log.LogCleaner)
[2019-08-30 16:08:41,702] INFO [kafka-log-cleaner-thread-0]: Stopped (kafka.log.LogCleaner)
[2019-08-30 16:08:41,702] INFO [kafka-log-cleaner-thread-0]: Shutdown completed (kafka.log.LogCleaner)
[2019-08-30 16:08:48,441] INFO Shutting down the log cleaner. (kafka.log.LogCleaner)
[2019-08-30 16:08:48,442] INFO [kafka-log-cleaner-thread-0]: Shutting down (kafka.log.LogCleaner)
[2019-08-30 16:08:48,443] INFO [kafka-log-cleaner-thread-0]: Stopped (kafka.log.LogCleaner)
[2019-08-30 16:08:48,444] INFO [kafka-log-cleaner-thread-0]: Shutdown completed (kafka.log.LogCleaner)
[2019-08-30 16:09:00,010] INFO Starting the log cleaner (kafka.log.LogCleaner)
[2019-08-30 16:09:00,170] INFO [kafka-log-cleaner-thread-0]: Starting (kafka.log.LogCleaner)
[2019-08-30 16:09:13,479] INFO Starting the log cleaner (kafka.log.LogCleaner)
[2019-08-30 16:09:13,621] INFO [kafka-log-cleaner-thread-0]: Starting (kafka.log.LogCleaner)
[2019-08-30 16:09:28,445] INFO Starting the log cleaner (kafka.log.LogCleaner)
[2019-08-30 16:09:28,570] INFO [kafka-log-cleaner-thread-0]: Starting (kafka.log.LogCleaner)
